<?xml version="1.0" encoding="UTF-8"?>
<!-- Generated by org.testng.reporters.JUnitReportReporter -->
<testsuite hostname="MacBook-Air.lan" failures="0" tests="1" name="TestRunner" time="30.092" errors="0" timestamp="2022-02-05T21:19:43 EST" skipped="0">
  <testcase classname="TestRunner" name="runScenario" time="30.092"/>
  <system-out/>
</testsuite> <!-- TestRunner -->
