<?xml version="1.0" encoding="UTF-8"?>
<!-- Generated by org.testng.reporters.JUnitReportReporter -->
<testsuite hostname="MacBook-Air.lan" failures="0" tests="1" name="TestRunner" time="11.341" errors="0" timestamp="2022-02-06T16:29:35 EST" skipped="0">
  <testcase classname="TestRunner" name="runScenario" time="11.341"/>
  <system-out/>
</testsuite> <!-- TestRunner -->
